android/app/build/outputs/logs/manifest-merger-debug-report.txt
-- Merging decision tree log ---
manifest
ADDED from src/main/AndroidManifest.xml:1:1-39:12
	package
		ADDED from src/main/AndroidManifest.xml:2:5-27
		INJECTED from src/main/AndroidManifest.xml
		INJECTED from src/main/AndroidManifest.xml
	android:versionName
		INJECTED from src/main/AndroidManifest.xml
		INJECTED from src/main/AndroidManifest.xml
	xmlns:android
		ADDED from src/main/AndroidManifest.xml:1:11-69
	android:versionCode
		INJECTED from src/main/AndroidManifest.xml
		INJECTED from src/main/AndroidManifest.xml
uses-permission#android.permission.INTERNET
ADDED from src/main/AndroidManifest.xml:4:5-67
MERGED from [com.google.android.gms:play-services-gcm:16.0.0] AndroidManifest.xml:24:5-67
MERGED from [com.google.android.gms:play-services-iid:16.0.0] AndroidManifest.xml:24:5-67
	android:name
		ADDED from src/main/AndroidManifest.xml:4:22-64
uses-permission#android.permission.SYSTEM_ALERT_WINDOW
ADDED from src/main/AndroidManifest.xml:5:5-77
MERGED from [com.facebook.react:react-native:0.55.4] AndroidManifest.xml:11:5-78
	android:name
		ADDED from src/main/AndroidManifest.xml:5:22-75
uses-permission#android.permission.ACCESS_FINE_LOCATION
ADDED from src/main/AndroidManifest.xml:6:5-79
	android:name
		ADDED from src/main/AndroidManifest.xml:6:22-76
uses-permission#android.permission.ACCESS_NETWORK_STATE
ADDED from src/main/AndroidManifest.xml:7:5-79
	android:name
		ADDED from src/main/AndroidManifest.xml:7:22-76
uses-permission#android.permission.ACCESS_WIFI_STATE
ADDED from src/main/AndroidManifest.xml:8:5-76
	android:name
		ADDED from src/main/AndroidManifest.xml:8:22-73
uses-permission#android.permission.READ_EXTERNAL_STORAGE
ADDED from src/main/AndroidManifest.xml:10:5-80
	android:name
		ADDED from src/main/AndroidManifest.xml:10:22-77
uses-permission#android.permission.WRITE_EXTERNAL_STORAGE
ADDED from src/main/AndroidManifest.xml:11:5-81
	android:name
		ADDED from src/main/AndroidManifest.xml:11:22-78
uses-permission#android.permission.CAMERA
ADDED from src/main/AndroidManifest.xml:13:5-65
MERGED from [NAMPay:react-native-camera:unspecified] AndroidManifest.xml:11:5-65
MERGED from [com.github.react-native-community:cameraview:d529251d24c0a367a28eea28f0eac2269d12f772] AndroidManifest.xml:21:5-65
	android:name
		ADDED from src/main/AndroidManifest.xml:13:22-62
uses-permission#android.permission.VIBRATE
ADDED from src/main/AndroidManifest.xml:14:5-66
	android:name
		ADDED from src/main/AndroidManifest.xml:14:22-63
uses-permission#android.permission.RECORD_AUDIO
ADDED from src/main/AndroidManifest.xml:15:5-70
	android:name
		ADDED from src/main/AndroidManifest.xml:15:22-68
uses-permission#android.permission.WAKE_LOCK
ADDED from src/main/AndroidManifest.xml:16:5-68
	android:name
		ADDED from src/main/AndroidManifest.xml:16:22-65
application
ADDED from src/main/AndroidManifest.xml:17:5-37:19
MERGED from [NAMPay:react-native-spinkit:unspecified] AndroidManifest.xml:11:5-14:19
MERGED from [NAMPay:react-native-device-info:unspecified] AndroidManifest.xml:11:5-20:19
MERGED from [com.google.android.gms:play-services-gcm:16.0.0] AndroidManifest.xml:26:5-20
MERGED from [com.google.android.gms:play-services-iid:16.0.0] AndroidManifest.xml:26:5-20
MERGED from [com.google.android.gms:play-services-stats:16.0.1] AndroidManifest.xml:7:5-20
MERGED from [com.google.android.gms:play-services-vision:10.2.0] AndroidManifest.xml:4:5-19
MERGED from [com.google.android.gms:play-services-base:16.0.1] AndroidManifest.xml:22:5-27:19
MERGED from [com.google.android.gms:play-services-tasks:16.0.1] AndroidManifest.xml:7:5-20
MERGED from [com.google.android.gms:play-services-basement:16.0.1] AndroidManifest.xml:22:5-26:19
MERGED from [com.github.react-native-community:cameraview:d529251d24c0a367a28eea28f0eac2269d12f772] AndroidManifest.xml:28:5-20
MERGED from [com.facebook.react:react-native:0.55.4] AndroidManifest.xml:13:5-20
MERGED from [com.android.support:appcompat-v7:25.3.1] AndroidManifest.xml:29:5-20
MERGED from [com.android.support:support-v4:26.1.0] AndroidManifest.xml:25:5-29:19
MERGED from [com.android.support:support-media-compat:26.1.0] AndroidManifest.xml:25:5-29:19
MERGED from [com.android.support:support-fragment:26.1.0] AndroidManifest.xml:25:5-29:19
MERGED from [com.android.support:support-core-ui:26.1.0] AndroidManifest.xml:25:5-29:19
MERGED from [com.android.support:support-core-utils:26.1.0] AndroidManifest.xml:25:5-29:19
MERGED from [com.android.support:animated-vector-drawable:25.3.1] AndroidManifest.xml:26:5-20
MERGED from [com.android.support:support-vector-drawable:25.3.1] AndroidManifest.xml:26:5-20
MERGED from [com.android.support:support-compat:26.1.0] AndroidManifest.xml:25:5-29:19
MERGED from [android.arch.lifecycle:runtime:1.0.0] AndroidManifest.xml:24:5-28:19
MERGED from [com.facebook.soloader:soloader:0.1.0] AndroidManifest.xml:3:3-17
MERGED from [org.webkit:android-jsc:r174650] AndroidManifest.xml:2:3-17
	android:screenOrientation
		ADDED from src/main/AndroidManifest.xml:23:7-43
	android:label
		ADDED from src/main/AndroidManifest.xml:19:7-39
	android:supportsRtl
		ADDED from [NAMPay:react-native-spinkit:unspecified] AndroidManifest.xml:13:9-35
	android:allowBackup
		ADDED from src/main/AndroidManifest.xml:22:7-34
	android:icon
		ADDED from src/main/AndroidManifest.xml:20:7-41
	android:largeHeap
		ADDED from src/main/AndroidManifest.xml:21:7-31
	android:theme
		ADDED from src/main/AndroidManifest.xml:24:7-38
	android:name
		ADDED from src/main/AndroidManifest.xml:18:7-38
activity#japan.nampay.MainActivity
ADDED from src/main/AndroidManifest.xml:25:7-35:18
	android:screenOrientation
		ADDED from src/main/AndroidManifest.xml:28:9-45
	android:label
		ADDED from src/main/AndroidManifest.xml:27:9-41
	android:windowSoftInputMode
		ADDED from src/main/AndroidManifest.xml:30:9-51
	android:configChanges
		ADDED from src/main/AndroidManifest.xml:29:9-79
	android:name
		ADDED from src/main/AndroidManifest.xml:26:9-37
intent-filter#android.intent.action.MAIN+android.intent.category.LAUNCHER
ADDED from src/main/AndroidManifest.xml:31:9-34:25
action#android.intent.action.MAIN
ADDED from src/main/AndroidManifest.xml:32:13-65
	android:name
		ADDED from src/main/AndroidManifest.xml:32:21-62
category#android.intent.category.LAUNCHER
ADDED from src/main/AndroidManifest.xml:33:13-73
	android:name
		ADDED from src/main/AndroidManifest.xml:33:23-70
activity#com.facebook.react.devsupport.DevSettingsActivity
ADDED from src/main/AndroidManifest.xml:36:7-84
	android:name
		ADDED from src/main/AndroidManifest.xml:36:17-81
uses-sdk
INJECTED from src/main/AndroidManifest.xml reason: use-sdk injection requested
MERGED from [NAMPay:react-native-randombytes:unspecified] AndroidManifest.xml:7:5-9:41
MERGED from [NAMPay:react-native-vector-icons:unspecified] AndroidManifest.xml:7:5-9:41
MERGED from [NAMPay:react-native-svg:unspecified] AndroidManifest.xml:7:5-9:41
MERGED from [NAMPay:react-native-spinkit:unspecified] AndroidManifest.xml:7:5-9:41
MERGED from [com.github.ybq:Android-SpinKit:1.1.0] AndroidManifest.xml:6:5-8:41
MERGED from [NAMPay:react-native-linear-gradient:unspecified] AndroidManifest.xml:7:5-9:41
MERGED from [NAMPay:react-native-i18n:unspecified] AndroidManifest.xml:7:5-9:41
MERGED from [NAMPay:react-native-fingerprint-scanner:unspecified] AndroidManifest.xml:7:5-9:41
MERGED from [com.wei.android.lib:fingerprintidentify:1.1.4] AndroidManifest.xml:8:5-10:41
MERGED from [NAMPay:react-native-device-info:unspecified] AndroidManifest.xml:7:5-9:41
MERGED from [com.google.android.gms:play-services-gcm:16.0.0] AndroidManifest.xml:20:5-44
MERGED from [com.google.android.gms:play-services-iid:16.0.0] AndroidManifest.xml:20:5-44
MERGED from [com.google.android.gms:play-services-stats:16.0.1] AndroidManifest.xml:5:5-44
MERGED from [NAMPay:react-native-camera:unspecified] AndroidManifest.xml:7:5-9:41
MERGED from [com.google.android.gms:play-services-vision:10.2.0] AndroidManifest.xml:3:5-43
MERGED from [com.google.android.gms:play-services-base:16.0.1] AndroidManifest.xml:20:5-44
MERGED from [com.google.android.gms:play-services-tasks:16.0.1] AndroidManifest.xml:5:5-44
MERGED from [com.google.android.gms:play-services-basement:16.0.1] AndroidManifest.xml:20:5-44
MERGED from [com.android.support:exifinterface:27.1.0] AndroidManifest.xml:20:5-44
MERGED from [com.github.react-native-community:cameraview:d529251d24c0a367a28eea28f0eac2269d12f772] AndroidManifest.xml:17:5-19:41
MERGED from [NAMPay:react-native-background-timer:unspecified] AndroidManifest.xml:7:5-9:41
MERGED from [com.facebook.react:react-native:0.55.4] AndroidManifest.xml:7:5-9:41
MERGED from [com.android.support:appcompat-v7:25.3.1] AndroidManifest.xml:21:5-23:78
MERGED from [com.android.support:support-v4:26.1.0] AndroidManifest.xml:21:5-23:54
MERGED from [com.android.support:support-media-compat:26.1.0] AndroidManifest.xml:21:5-23:63
MERGED from [com.android.support:support-fragment:26.1.0] AndroidManifest.xml:21:5-23:60
MERGED from [com.android.support:support-core-ui:26.1.0] AndroidManifest.xml:21:5-23:58
MERGED from [com.android.support:support-core-utils:26.1.0] AndroidManifest.xml:21:5-23:61
MERGED from [com.android.support:animated-vector-drawable:25.3.1] AndroidManifest.xml:20:5-44
MERGED from [com.android.support:support-vector-drawable:25.3.1] AndroidManifest.xml:20:5-43
MERGED from [com.android.support:support-compat:26.1.0] AndroidManifest.xml:21:5-23:58
MERGED from [android.arch.lifecycle:runtime:1.0.0] AndroidManifest.xml:20:5-22:41
MERGED from [com.facebook.fbui.textlayoutbuilder:textlayoutbuilder:1.0.0] AndroidManifest.xml:14:5-16:41
MERGED from [com.facebook.fresco:fresco:1.3.0] AndroidManifest.xml:5:5-7:41
MERGED from [com.facebook.fresco:drawee:1.3.0] AndroidManifest.xml:5:5-7:41
MERGED from [com.facebook.fresco:imagepipeline-okhttp3:1.3.0] AndroidManifest.xml:5:5-7:41
MERGED from [com.facebook.fresco:imagepipeline:1.3.0] AndroidManifest.xml:5:5-7:41
MERGED from [com.facebook.fresco:imagepipeline-base:1.3.0] AndroidManifest.xml:5:5-7:41
MERGED from [com.facebook.fresco:fbcore:1.3.0] AndroidManifest.xml:5:5-7:41
MERGED from [com.facebook.soloader:soloader:0.1.0] AndroidManifest.xml:2:3-70
	tools:overrideLibrary
		ADDED from [com.android.support:appcompat-v7:25.3.1] AndroidManifest.xml:23:9-75
	android:targetSdkVersion
		INJECTED from src/main/AndroidManifest.xml
		INJECTED from src/main/AndroidManifest.xml
	android:minSdkVersion
		INJECTED from src/main/AndroidManifest.xml
		INJECTED from src/main/AndroidManifest.xml
uses-permission#android.permission.USE_FINGERPRINT
ADDED from [NAMPay:react-native-fingerprint-scanner:unspecified] AndroidManifest.xml:11:5-74
	android:name
		ADDED from [NAMPay:react-native-fingerprint-scanner:unspecified] AndroidManifest.xml:11:22-71
uses-permission#com.fingerprints.service.ACCESS_FINGERPRINT_MANAGER
ADDED from [NAMPay:react-native-fingerprint-scanner:unspecified] AndroidManifest.xml:12:5-91
	android:name
		ADDED from [NAMPay:react-native-fingerprint-scanner:unspecified] AndroidManifest.xml:12:22-88
uses-permission#com.samsung.android.providers.context.permission.WRITE_USE_APP_FEATURE_SURVEY
ADDED from [NAMPay:react-native-fingerprint-scanner:unspecified] AndroidManifest.xml:13:5-117
	android:name
		ADDED from [NAMPay:react-native-fingerprint-scanner:unspecified] AndroidManifest.xml:13:22-114
receiver#com.learnium.RNDeviceInfo.RNDeviceReceiver
ADDED from [NAMPay:react-native-device-info:unspecified] AndroidManifest.xml:12:9-19:20
	android:enabled
		ADDED from [NAMPay:react-native-device-info:unspecified] AndroidManifest.xml:14:13-35
	android:exported
		ADDED from [NAMPay:react-native-device-info:unspecified] AndroidManifest.xml:15:13-36
	android:name
		ADDED from [NAMPay:react-native-device-info:unspecified] AndroidManifest.xml:13:13-70
intent-filter#com.android.vending.INSTALL_REFERRER
ADDED from [NAMPay:react-native-device-info:unspecified] AndroidManifest.xml:16:13-18:29
action#com.android.vending.INSTALL_REFERRER
ADDED from [NAMPay:react-native-device-info:unspecified] AndroidManifest.xml:17:17-79
	android:name
		ADDED from [NAMPay:react-native-device-info:unspecified] AndroidManifest.xml:17:25-76
uses-permission#com.google.android.c2dm.permission.RECEIVE
ADDED from [com.google.android.gms:play-services-gcm:16.0.0] AndroidManifest.xml:23:5-82
MERGED from [com.google.android.gms:play-services-iid:16.0.0] AndroidManifest.xml:23:5-82
	android:name
		ADDED from [com.google.android.gms:play-services-gcm:16.0.0] AndroidManifest.xml:23:22-79
uses-feature#android.hardware.camera
ADDED from [NAMPay:react-native-camera:unspecified] AndroidManifest.xml:13:5-15:36
MERGED from [com.github.react-native-community:cameraview:d529251d24c0a367a28eea28f0eac2269d12f772] AndroidManifest.xml:23:5-60
	android:required
		ADDED from [NAMPay:react-native-camera:unspecified] AndroidManifest.xml:15:9-33
		MERGED from src/main/AndroidManifest.xml:13:5-15:36
	android:name
		ADDED from [NAMPay:react-native-camera:unspecified] AndroidManifest.xml:14:9-47
uses-feature#android.hardware.camera.autofocus
ADDED from [NAMPay:react-native-camera:unspecified] AndroidManifest.xml:16:5-18:36
MERGED from [com.github.react-native-community:cameraview:d529251d24c0a367a28eea28f0eac2269d12f772] AndroidManifest.xml:24:5-26:36
	android:required
		ADDED from [NAMPay:react-native-camera:unspecified] AndroidManifest.xml:18:9-33
	android:name
		ADDED from [NAMPay:react-native-camera:unspecified] AndroidManifest.xml:17:9-57
activity#com.google.android.gms.common.api.GoogleApiActivity
ADDED from [com.google.android.gms:play-services-base:16.0.1] AndroidManifest.xml:23:9-26:75
	android:exported
		ADDED from [com.google.android.gms:play-services-base:16.0.1] AndroidManifest.xml:25:13-37
	android:theme
		ADDED from [com.google.android.gms:play-services-base:16.0.1] AndroidManifest.xml:26:13-72
	android:name
		ADDED from [com.google.android.gms:play-services-base:16.0.1] AndroidManifest.xml:24:13-79
meta-data#com.google.android.gms.version
ADDED from [com.google.android.gms:play-services-basement:16.0.1] AndroidManifest.xml:23:9-25:69
	android:value
		ADDED from [com.google.android.gms:play-services-basement:16.0.1] AndroidManifest.xml:25:13-66
	android:name
		ADDED from [com.google.android.gms:play-services-basement:16.0.1] AndroidManifest.xml:24:13-58
meta-data#android.support.VERSION
ADDED from [com.android.support:appcompat-v7:25.3.1] AndroidManifest.xml:25:5-27:34
MERGED from [com.android.support:support-media-compat:26.1.0] AndroidManifest.xml:26:9-28:38
MERGED from [com.android.support:support-fragment:26.1.0] AndroidManifest.xml:26:9-28:38
MERGED from [com.android.support:support-core-ui:26.1.0] AndroidManifest.xml:26:9-28:38
MERGED from [com.android.support:support-core-utils:26.1.0] AndroidManifest.xml:26:9-28:38
MERGED from [com.android.support:animated-vector-drawable:25.3.1] AndroidManifest.xml:22:5-24:34
MERGED from [com.android.support:support-vector-drawable:25.3.1] AndroidManifest.xml:22:5-24:34
MERGED from [com.android.support:support-compat:26.1.0] AndroidManifest.xml:26:9-28:38
	android:value
		ADDED from [com.android.support:appcompat-v7:25.3.1] AndroidManifest.xml:27:9-31
	android:name
		ADDED from [com.android.support:appcompat-v7:25.3.1] AndroidManifest.xml:26:9-47
meta-data#android.arch.lifecycle.VERSION
ADDED from [android.arch.lifecycle:runtime:1.0.0] AndroidManifest.xml:25:9-27:47
	android:value
		ADDED from [android.arch.lifecycle:runtime:1.0.0] AndroidManifest.xml:27:13-44
	android:name
		ADDED from [android.arch.lifecycle:runtime:1.0.0] AndroidManifest.xml:26:13-58
android:uses-permission#android.permission.READ_PHONE_STATE
IMPLIED from src/main/AndroidManifest.xml:1:1-39:12 reason: org.webkit.android_jsc has a targetSdkVersion < 4